[0.920s] DEBUG:colcon:Command line arguments: ['/usr/bin/colcon', 'build', '--symlink-install']
[0.920s] DEBUG:colcon:Parsed command line arguments: Namespace(log_base=None, log_level=None, verb_name='build', build_base='build', install_base='install', merge_install=False, symlink_install=True, test_result_base=None, continue_on_error=False, executor='parallel', parallel_workers=16, event_handlers=None, ignore_user_meta=False, metas=['./colcon.meta'], base_paths=['.'], packages_ignore=None, packages_ignore_regex=None, paths=None, packages_up_to=None, packages_up_to_regex=None, packages_above=None, packages_above_and_dependencies=None, packages_above_depth=None, packages_select_by_dep=None, packages_skip_by_dep=None, packages_skip_up_to=None, packages_select_build_failed=False, packages_skip_build_finished=False, packages_select_test_failures=False, packages_skip_test_passed=False, packages_select=None, packages_skip=None, packages_select_regex=None, packages_skip_regex=None, packages_start=None, packages_end=None, allow_overriding=[], cmake_args=None, cmake_target=None, cmake_target_skip_unavailable=False, cmake_clean_cache=False, cmake_clean_first=False, cmake_force_configure=False, ament_cmake_args=None, catkin_cmake_args=None, catkin_skip_building_tests=False, mixin_files=None, mixin=None, verb_parser=<colcon_mixin.mixin.mixin_argument.MixinArgumentDecorator object at 0x7fca70821750>, verb_extension=<colcon_core.verb.build.BuildVerb object at 0x7fca70996e00>, main=<bound method BuildVerb.main of <colcon_core.verb.build.BuildVerb object at 0x7fca70996e00>>, mixin_verb=('build',))
[1.143s] Level 1:colcon.colcon_core.package_discovery:discover_packages(colcon_meta) check parameters
[1.143s] Level 1:colcon.colcon_core.package_discovery:discover_packages(recursive) check parameters
[1.144s] Level 1:colcon.colcon_core.package_discovery:discover_packages(ignore) check parameters
[1.144s] Level 1:colcon.colcon_core.package_discovery:discover_packages(path) check parameters
[1.144s] Level 1:colcon.colcon_core.package_discovery:discover_packages(colcon_meta) discover
[1.144s] Level 1:colcon.colcon_core.package_discovery:discover_packages(recursive) discover
[1.144s] INFO:colcon.colcon_core.package_discovery:Crawling recursively for packages in '/root/A2Pilot_ws'
[1.144s] Level 1:colcon.colcon_core.package_identification:_identify(.) by extensions ['ignore', 'ignore_ament_install']
[1.144s] Level 1:colcon.colcon_core.package_identification:_identify(.) by extension 'ignore'
[1.144s] Level 1:colcon.colcon_core.package_identification:_identify(.) by extension 'ignore_ament_install'
[1.144s] Level 1:colcon.colcon_core.package_identification:_identify(.) by extensions ['colcon_pkg']
[1.144s] Level 1:colcon.colcon_core.package_identification:_identify(.) by extension 'colcon_pkg'
[1.144s] Level 1:colcon.colcon_core.package_identification:_identify(.) by extensions ['colcon_meta']
[1.144s] Level 1:colcon.colcon_core.package_identification:_identify(.) by extension 'colcon_meta'
[1.144s] Level 1:colcon.colcon_core.package_identification:_identify(.) by extensions ['ros']
[1.144s] Level 1:colcon.colcon_core.package_identification:_identify(.) by extension 'ros'
[1.161s] Level 1:colcon.colcon_core.package_identification:_identify(.) by extensions ['cmake', 'python']
[1.162s] Level 1:colcon.colcon_core.package_identification:_identify(.) by extension 'cmake'
[1.162s] Level 1:colcon.colcon_core.package_identification:_identify(.) by extension 'python'
[1.162s] Level 1:colcon.colcon_core.package_identification:_identify(.) by extensions ['python_setup_py']
[1.162s] Level 1:colcon.colcon_core.package_identification:_identify(.) by extension 'python_setup_py'
[1.162s] Level 1:colcon.colcon_core.package_identification:_identify(build) by extensions ['ignore', 'ignore_ament_install']
[1.162s] Level 1:colcon.colcon_core.package_identification:_identify(build) by extension 'ignore'
[1.162s] Level 1:colcon.colcon_core.package_identification:_identify(build) ignored
[1.162s] Level 1:colcon.colcon_core.package_identification:_identify(install) by extensions ['ignore', 'ignore_ament_install']
[1.162s] Level 1:colcon.colcon_core.package_identification:_identify(install) by extension 'ignore'
[1.162s] Level 1:colcon.colcon_core.package_identification:_identify(install) ignored
[1.163s] Level 1:colcon.colcon_core.package_identification:_identify(log) by extensions ['ignore', 'ignore_ament_install']
[1.163s] Level 1:colcon.colcon_core.package_identification:_identify(log) by extension 'ignore'
[1.163s] Level 1:colcon.colcon_core.package_identification:_identify(log) ignored
[1.163s] Level 1:colcon.colcon_core.package_identification:_identify(src) by extensions ['ignore', 'ignore_ament_install']
[1.163s] Level 1:colcon.colcon_core.package_identification:_identify(src) by extension 'ignore'
[1.163s] Level 1:colcon.colcon_core.package_identification:_identify(src) by extension 'ignore_ament_install'
[1.163s] Level 1:colcon.colcon_core.package_identification:_identify(src) by extensions ['colcon_pkg']
[1.163s] Level 1:colcon.colcon_core.package_identification:_identify(src) by extension 'colcon_pkg'
[1.163s] Level 1:colcon.colcon_core.package_identification:_identify(src) by extensions ['colcon_meta']
[1.163s] Level 1:colcon.colcon_core.package_identification:_identify(src) by extension 'colcon_meta'
[1.163s] Level 1:colcon.colcon_core.package_identification:_identify(src) by extensions ['ros']
[1.163s] Level 1:colcon.colcon_core.package_identification:_identify(src) by extension 'ros'
[1.163s] Level 1:colcon.colcon_core.package_identification:_identify(src) by extensions ['cmake', 'python']
[1.163s] Level 1:colcon.colcon_core.package_identification:_identify(src) by extension 'cmake'
[1.163s] Level 1:colcon.colcon_core.package_identification:_identify(src) by extension 'python'
[1.163s] Level 1:colcon.colcon_core.package_identification:_identify(src) by extensions ['python_setup_py']
[1.163s] Level 1:colcon.colcon_core.package_identification:_identify(src) by extension 'python_setup_py'
[1.164s] Level 1:colcon.colcon_core.package_identification:_identify(src/A2P_gui) by extensions ['ignore', 'ignore_ament_install']
[1.164s] Level 1:colcon.colcon_core.package_identification:_identify(src/A2P_gui) by extension 'ignore'
[1.164s] Level 1:colcon.colcon_core.package_identification:_identify(src/A2P_gui) by extension 'ignore_ament_install'
[1.164s] Level 1:colcon.colcon_core.package_identification:_identify(src/A2P_gui) by extensions ['colcon_pkg']
[1.164s] Level 1:colcon.colcon_core.package_identification:_identify(src/A2P_gui) by extension 'colcon_pkg'
[1.164s] Level 1:colcon.colcon_core.package_identification:_identify(src/A2P_gui) by extensions ['colcon_meta']
[1.164s] Level 1:colcon.colcon_core.package_identification:_identify(src/A2P_gui) by extension 'colcon_meta'
[1.164s] Level 1:colcon.colcon_core.package_identification:_identify(src/A2P_gui) by extensions ['ros']
[1.164s] Level 1:colcon.colcon_core.package_identification:_identify(src/A2P_gui) by extension 'ros'
[1.167s] DEBUG:colcon.colcon_core.package_identification:Package 'src/A2P_gui' with type 'ros.ament_python' and name 'A2P_gui'
[1.167s] Level 1:colcon.colcon_core.package_discovery:discover_packages(recursive) using defaults
[1.168s] Level 1:colcon.colcon_core.package_discovery:discover_packages(ignore) discover
[1.168s] Level 1:colcon.colcon_core.package_discovery:discover_packages(ignore) using defaults
[1.168s] Level 1:colcon.colcon_core.package_discovery:discover_packages(path) discover
[1.168s] Level 1:colcon.colcon_core.package_discovery:discover_packages(path) using defaults
[1.199s] Level 1:colcon.colcon_core.package_discovery:discover_packages(prefix_path) check parameters
[1.199s] Level 1:colcon.colcon_core.package_discovery:discover_packages(prefix_path) discover
[1.200s] WARNING:colcon.colcon_ros.prefix_path.ament:The path '/root/A2Pilot_ws/install/realsense2_description' in the environment variable AMENT_PREFIX_PATH doesn't exist
[1.200s] WARNING:colcon.colcon_ros.prefix_path.ament:The path '/root/A2Pilot_ws/install/realsense2_camera_msgs' in the environment variable AMENT_PREFIX_PATH doesn't exist
[1.201s] WARNING:colcon.colcon_ros.prefix_path.catkin:The path '/root/A2Pilot_ws/install/realsense2_description' in the environment variable CMAKE_PREFIX_PATH doesn't exist
[1.201s] WARNING:colcon.colcon_ros.prefix_path.catkin:The path '/root/A2Pilot_ws/install/realsense2_camera_msgs' in the environment variable CMAKE_PREFIX_PATH doesn't exist
[1.203s] DEBUG:colcon.colcon_installed_package_information.package_discovery:Found 1 installed packages in /root/A2Pilot_ws/install
[1.205s] DEBUG:colcon.colcon_installed_package_information.package_discovery:Found 270 installed packages in /opt/ros/humble
[1.206s] Level 1:colcon.colcon_core.package_discovery:discover_packages(prefix_path) using defaults
[1.279s] Level 5:colcon.colcon_core.verb:set package 'A2P_gui' build argument 'cmake_args' from command line to 'None'
[1.279s] Level 5:colcon.colcon_core.verb:set package 'A2P_gui' build argument 'cmake_target' from command line to 'None'
[1.280s] Level 5:colcon.colcon_core.verb:set package 'A2P_gui' build argument 'cmake_target_skip_unavailable' from command line to 'False'
[1.280s] Level 5:colcon.colcon_core.verb:set package 'A2P_gui' build argument 'cmake_clean_cache' from command line to 'False'
[1.280s] Level 5:colcon.colcon_core.verb:set package 'A2P_gui' build argument 'cmake_clean_first' from command line to 'False'
[1.280s] Level 5:colcon.colcon_core.verb:set package 'A2P_gui' build argument 'cmake_force_configure' from command line to 'False'
[1.280s] Level 5:colcon.colcon_core.verb:set package 'A2P_gui' build argument 'ament_cmake_args' from command line to 'None'
[1.280s] Level 5:colcon.colcon_core.verb:set package 'A2P_gui' build argument 'catkin_cmake_args' from command line to 'None'
[1.280s] Level 5:colcon.colcon_core.verb:set package 'A2P_gui' build argument 'catkin_skip_building_tests' from command line to 'False'
[1.280s] DEBUG:colcon.colcon_core.verb:Building package 'A2P_gui' with the following arguments: {'ament_cmake_args': None, 'build_base': '/root/A2Pilot_ws/build/A2P_gui', 'catkin_cmake_args': None, 'catkin_skip_building_tests': False, 'cmake_args': None, 'cmake_clean_cache': False, 'cmake_clean_first': False, 'cmake_force_configure': False, 'cmake_target': None, 'cmake_target_skip_unavailable': False, 'install_base': '/root/A2Pilot_ws/install/A2P_gui', 'merge_install': False, 'path': '/root/A2Pilot_ws/src/A2P_gui', 'symlink_install': True, 'test_result_base': None}
[1.280s] INFO:colcon.colcon_core.executor:Executing jobs using 'parallel' executor
[1.283s] DEBUG:colcon.colcon_parallel_executor.executor.parallel:run_until_complete
[1.283s] INFO:colcon.colcon_ros.task.ament_python.build:Building ROS package in '/root/A2Pilot_ws/src/A2P_gui' with build type 'ament_python'
[1.285s] Level 1:colcon.colcon_core.shell:create_environment_hook('A2P_gui', 'ament_prefix_path')
[1.288s] INFO:colcon.colcon_core.plugin_system:Skipping extension 'colcon_core.shell.bat': Not used on non-Windows systems
[1.288s] INFO:colcon.colcon_core.shell:Creating environment hook '/root/A2Pilot_ws/install/A2P_gui/share/A2P_gui/hook/ament_prefix_path.ps1'
[1.289s] INFO:colcon.colcon_core.shell:Creating environment descriptor '/root/A2Pilot_ws/install/A2P_gui/share/A2P_gui/hook/ament_prefix_path.dsv'
[1.290s] INFO:colcon.colcon_core.shell:Creating environment hook '/root/A2Pilot_ws/install/A2P_gui/share/A2P_gui/hook/ament_prefix_path.sh'
[1.291s] INFO:colcon.colcon_core.shell:Skip shell extension 'powershell' for command environment: Not usable outside of PowerShell
[1.291s] DEBUG:colcon.colcon_core.shell:Skip shell extension 'dsv' for command environment
[1.629s] INFO:colcon.colcon_core.task.python.build:Building Python package in '/root/A2Pilot_ws/src/A2P_gui'
[1.630s] INFO:colcon.colcon_core.shell:Skip shell extension 'powershell' for command environment: Not usable outside of PowerShell
[1.630s] DEBUG:colcon.colcon_core.shell:Skip shell extension 'dsv' for command environment
[2.146s] DEBUG:colcon.colcon_core.event_handler.log_command:Invoking command in '/root/A2Pilot_ws/build/A2P_gui': PYTHONPATH=/root/A2Pilot_ws/build/A2P_gui/prefix_override:/usr/lib/python3/dist-packages/colcon_core/task/python/colcon_distutils_commands:/root/A2Pilot_ws/install/A2P_gui/lib/python3.10/site-packages:${PYTHONPATH} /usr/bin/python3 -W ignore:setup.py install is deprecated setup.py develop --editable --build-directory /root/A2Pilot_ws/build/A2P_gui/build --no-deps symlink_data
[2.772s] Level 1:colcon.colcon_core.shell:create_environment_hook('A2P_gui', 'pythonpath_develop')
[2.773s] INFO:colcon.colcon_core.shell:Creating environment hook '/root/A2Pilot_ws/build/A2P_gui/share/A2P_gui/hook/pythonpath_develop.ps1'
[2.774s] DEBUG:colcon.colcon_core.event_handler.log_command:Invoked command in '/root/A2Pilot_ws/build/A2P_gui' returned '0': PYTHONPATH=/root/A2Pilot_ws/build/A2P_gui/prefix_override:/usr/lib/python3/dist-packages/colcon_core/task/python/colcon_distutils_commands:/root/A2Pilot_ws/install/A2P_gui/lib/python3.10/site-packages:${PYTHONPATH} /usr/bin/python3 -W ignore:setup.py install is deprecated setup.py develop --editable --build-directory /root/A2Pilot_ws/build/A2P_gui/build --no-deps symlink_data
[2.774s] INFO:colcon.colcon_core.shell:Creating environment descriptor '/root/A2Pilot_ws/build/A2P_gui/share/A2P_gui/hook/pythonpath_develop.dsv'
[2.775s] INFO:colcon.colcon_core.shell:Creating environment hook '/root/A2Pilot_ws/build/A2P_gui/share/A2P_gui/hook/pythonpath_develop.sh'
[2.778s] Level 1:colcon.colcon_core.environment:checking '/root/A2Pilot_ws/install/A2P_gui' for CMake module files
[2.779s] Level 1:colcon.colcon_core.environment:checking '/root/A2Pilot_ws/install/A2P_gui' for CMake config files
[2.779s] Level 1:colcon.colcon_core.environment:checking '/root/A2Pilot_ws/install/A2P_gui/lib'
[2.780s] Level 1:colcon.colcon_core.environment:checking '/root/A2Pilot_ws/install/A2P_gui/bin'
[2.780s] Level 1:colcon.colcon_core.environment:checking '/root/A2Pilot_ws/install/A2P_gui/lib/pkgconfig/A2P_gui.pc'
[2.780s] Level 1:colcon.colcon_core.environment:checking '/root/A2Pilot_ws/install/A2P_gui/lib/python3.10/site-packages'
[2.780s] Level 1:colcon.colcon_core.shell:create_environment_hook('A2P_gui', 'pythonpath')
[2.781s] INFO:colcon.colcon_core.shell:Creating environment hook '/root/A2Pilot_ws/install/A2P_gui/share/A2P_gui/hook/pythonpath.ps1'
[2.782s] INFO:colcon.colcon_core.shell:Creating environment descriptor '/root/A2Pilot_ws/install/A2P_gui/share/A2P_gui/hook/pythonpath.dsv'
[2.782s] INFO:colcon.colcon_core.shell:Creating environment hook '/root/A2Pilot_ws/install/A2P_gui/share/A2P_gui/hook/pythonpath.sh'
[2.783s] Level 1:colcon.colcon_core.environment:checking '/root/A2Pilot_ws/install/A2P_gui/bin'
[2.783s] Level 1:colcon.colcon_core.environment:create_environment_scripts_only(A2P_gui)
[2.784s] INFO:colcon.colcon_core.shell:Creating package script '/root/A2Pilot_ws/install/A2P_gui/share/A2P_gui/package.ps1'
[2.785s] INFO:colcon.colcon_core.shell:Creating package descriptor '/root/A2Pilot_ws/install/A2P_gui/share/A2P_gui/package.dsv'
[2.786s] INFO:colcon.colcon_core.shell:Creating package script '/root/A2Pilot_ws/install/A2P_gui/share/A2P_gui/package.sh'
[2.787s] INFO:colcon.colcon_core.shell:Creating package script '/root/A2Pilot_ws/install/A2P_gui/share/A2P_gui/package.bash'
[2.789s] INFO:colcon.colcon_core.shell:Creating package script '/root/A2Pilot_ws/install/A2P_gui/share/A2P_gui/package.zsh'
[2.790s] Level 1:colcon.colcon_core.environment:create_file_with_runtime_dependencies(/root/A2Pilot_ws/install/A2P_gui/share/colcon-core/packages/A2P_gui)
[2.792s] DEBUG:colcon.colcon_parallel_executor.executor.parallel:closing loop
[2.793s] DEBUG:colcon.colcon_parallel_executor.executor.parallel:loop closed
[2.793s] DEBUG:colcon.colcon_parallel_executor.executor.parallel:run_until_complete finished with '0'
[2.793s] DEBUG:colcon.colcon_core.event_reactor:joining thread
[2.996s] INFO:colcon.colcon_core.plugin_system:Skipping extension 'colcon_notification.desktop_notification.notify_send': Could not find 'notify-send'
[2.997s] INFO:colcon.colcon_core.plugin_system:Skipping extension 'colcon_notification.desktop_notification.terminal_notifier': Not used on non-Darwin systems
[2.997s] INFO:colcon.colcon_core.plugin_system:Skipping extension 'colcon_notification.desktop_notification.win32': Not used on non-Windows systems
[2.997s] INFO:colcon.colcon_notification.desktop_notification:Sending desktop notification using 'notify2'
[2.997s] DEBUG:colcon.colcon_notification.desktop_notification.notify2:Failed to initialize notify2: org.freedesktop.DBus.Error.FileNotFound: Failed to connect to socket /run/user/0/bus: No such file or directory
[2.998s] DEBUG:colcon.colcon_core.event_reactor:joined thread
[2.999s] INFO:colcon.colcon_core.shell:Creating prefix script '/root/A2Pilot_ws/install/local_setup.ps1'
[3.001s] INFO:colcon.colcon_core.shell:Creating prefix util module '/root/A2Pilot_ws/install/_local_setup_util_ps1.py'
[3.004s] INFO:colcon.colcon_core.shell:Creating prefix chain script '/root/A2Pilot_ws/install/setup.ps1'
[3.006s] INFO:colcon.colcon_core.shell:Creating prefix script '/root/A2Pilot_ws/install/local_setup.sh'
[3.007s] INFO:colcon.colcon_core.shell:Creating prefix util module '/root/A2Pilot_ws/install/_local_setup_util_sh.py'
[3.008s] INFO:colcon.colcon_core.shell:Creating prefix chain script '/root/A2Pilot_ws/install/setup.sh'
[3.010s] INFO:colcon.colcon_core.shell:Creating prefix script '/root/A2Pilot_ws/install/local_setup.bash'
[3.011s] INFO:colcon.colcon_core.shell:Creating prefix chain script '/root/A2Pilot_ws/install/setup.bash'
[3.012s] INFO:colcon.colcon_core.shell:Creating prefix script '/root/A2Pilot_ws/install/local_setup.zsh'
[3.015s] INFO:colcon.colcon_core.shell:Creating prefix chain script '/root/A2Pilot_ws/install/setup.zsh'
