running egg_info
creating ../../build/A2P_gui/A2P_gui.egg-info
writing ../../build/A2P_gui/A2P_gui.egg-info/PKG-INFO
writing dependency_links to ../../build/A2P_gui/A2P_gui.egg-info/dependency_links.txt
writing entry points to ../../build/A2P_gui/A2P_gui.egg-info/entry_points.txt
writing requirements to ../../build/A2P_gui/A2P_gui.egg-info/requires.txt
writing top-level names to ../../build/A2P_gui/A2P_gui.egg-info/top_level.txt
writing manifest file '../../build/A2P_gui/A2P_gui.egg-info/SOURCES.txt'
reading manifest file '../../build/A2P_gui/A2P_gui.egg-info/SOURCES.txt'
writing manifest file '../../build/A2P_gui/A2P_gui.egg-info/SOURCES.txt'
running build
running build_py
creating /root/A2Pilot_ws/build/A2P_gui/build
creating /root/A2Pilot_ws/build/A2P_gui/build/lib
creating /root/A2Pilot_ws/build/A2P_gui/build/lib/A2P_gui
copying A2P_gui/__init__.py -> /root/A2Pilot_ws/build/A2P_gui/build/lib/A2P_gui
running install
running install_lib
creating /root/A2Pilot_ws/install/A2P_gui/lib/python3.10/site-packages/A2P_gui
copying /root/A2Pilot_ws/build/A2P_gui/build/lib/A2P_gui/__init__.py -> /root/A2Pilot_ws/install/A2P_gui/lib/python3.10/site-packages/A2P_gui
byte-compiling /root/A2Pilot_ws/install/A2P_gui/lib/python3.10/site-packages/A2P_gui/__init__.py to __init__.cpython-310.pyc
running install_data
creating /root/A2Pilot_ws/install/A2P_gui/share/ament_index
creating /root/A2Pilot_ws/install/A2P_gui/share/ament_index/resource_index
creating /root/A2Pilot_ws/install/A2P_gui/share/ament_index/resource_index/packages
copying resource/A2P_gui -> /root/A2Pilot_ws/install/A2P_gui/share/ament_index/resource_index/packages
copying package.xml -> /root/A2Pilot_ws/install/A2P_gui/share/A2P_gui
running install_egg_info
Copying ../../build/A2P_gui/A2P_gui.egg-info to /root/A2Pilot_ws/install/A2P_gui/lib/python3.10/site-packages/A2P_gui-0.0.0-py3.10.egg-info
running install_scripts
writing list of installed files to '/root/A2Pilot_ws/build/A2P_gui/install.log'
