running egg_info
writing ../../build/A2P_gui/A2P_gui.egg-info/PKG-INFO
writing dependency_links to ../../build/A2P_gui/A2P_gui.egg-info/dependency_links.txt
writing entry points to ../../build/A2P_gui/A2P_gui.egg-info/entry_points.txt
writing requirements to ../../build/A2P_gui/A2P_gui.egg-info/requires.txt
writing top-level names to ../../build/A2P_gui/A2P_gui.egg-info/top_level.txt
reading manifest file '../../build/A2P_gui/A2P_gui.egg-info/SOURCES.txt'
writing manifest file '../../build/A2P_gui/A2P_gui.egg-info/SOURCES.txt'
running build
running build_py
copying A2P_gui/my_first_node.py -> /root/A2Pilot_ws/build/A2P_gui/build/lib/A2P_gui
running install
running install_lib
copying /root/A2Pilot_ws/build/A2P_gui/build/lib/A2P_gui/my_first_node.py -> /root/A2Pilot_ws/install/A2P_gui/lib/python3.10/site-packages/A2P_gui
byte-compiling /root/A2Pilot_ws/install/A2P_gui/lib/python3.10/site-packages/A2P_gui/my_first_node.py to my_first_node.cpython-310.pyc
running install_data
running install_egg_info
removing '/root/A2Pilot_ws/install/A2P_gui/lib/python3.10/site-packages/A2P_gui-0.0.0-py3.10.egg-info' (and everything under it)
Copying ../../build/A2P_gui/A2P_gui.egg-info to /root/A2Pilot_ws/install/A2P_gui/lib/python3.10/site-packages/A2P_gui-0.0.0-py3.10.egg-info
running install_scripts
Installing test_node script to /root/A2Pilot_ws/install/A2P_gui/lib/A2P_gui
writing list of installed files to '/root/A2Pilot_ws/build/A2P_gui/install.log'
