[1.235s] Invoking command in '/root/A2Pilot_ws/src/A2P_gui': PYTHONPATH=/root/A2Pilot_ws/build/A2P_gui/prefix_override:/usr/lib/python3/dist-packages/colcon_core/task/python/colcon_distutils_commands:/root/A2Pilot_ws/install/A2P_gui/lib/python3.10/site-packages:${PYTHONPATH} /usr/bin/python3 -W ignore:setup.py install is deprecated setup.py egg_info --egg-base ../../build/A2P_gui build --build-base /root/A2Pilot_ws/build/A2P_gui/build install --record /root/A2Pilot_ws/build/A2P_gui/install.log --single-version-externally-managed install_data
[1.591s] running egg_info
[1.592s] writing ../../build/A2P_gui/A2P_gui.egg-info/PKG-INFO
[1.594s] writing dependency_links to ../../build/A2P_gui/A2P_gui.egg-info/dependency_links.txt
[1.594s] writing entry points to ../../build/A2P_gui/A2P_gui.egg-info/entry_points.txt
[1.594s] writing requirements to ../../build/A2P_gui/A2P_gui.egg-info/requires.txt
[1.594s] writing top-level names to ../../build/A2P_gui/A2P_gui.egg-info/top_level.txt
[1.597s] reading manifest file '../../build/A2P_gui/A2P_gui.egg-info/SOURCES.txt'
[1.599s] writing manifest file '../../build/A2P_gui/A2P_gui.egg-info/SOURCES.txt'
[1.599s] running build
[1.599s] running build_py
[1.600s] copying A2P_gui/my_first_node.py -> /root/A2Pilot_ws/build/A2P_gui/build/lib/A2P_gui
[1.601s] running install
[1.601s] running install_lib
[1.602s] copying /root/A2Pilot_ws/build/A2P_gui/build/lib/A2P_gui/my_first_node.py -> /root/A2Pilot_ws/install/A2P_gui/lib/python3.10/site-packages/A2P_gui
[1.602s] byte-compiling /root/A2Pilot_ws/install/A2P_gui/lib/python3.10/site-packages/A2P_gui/my_first_node.py to my_first_node.cpython-310.pyc
[1.604s] running install_data
[1.604s] running install_egg_info
[1.607s] removing '/root/A2Pilot_ws/install/A2P_gui/lib/python3.10/site-packages/A2P_gui-0.0.0-py3.10.egg-info' (and everything under it)
[1.608s] Copying ../../build/A2P_gui/A2P_gui.egg-info to /root/A2Pilot_ws/install/A2P_gui/lib/python3.10/site-packages/A2P_gui-0.0.0-py3.10.egg-info
[1.610s] running install_scripts
[1.645s] Installing test_node script to /root/A2Pilot_ws/install/A2P_gui/lib/A2P_gui
[1.647s] writing list of installed files to '/root/A2Pilot_ws/build/A2P_gui/install.log'
[1.704s] Invoked command in '/root/A2Pilot_ws/src/A2P_gui' returned '0': PYTHONPATH=/root/A2Pilot_ws/build/A2P_gui/prefix_override:/usr/lib/python3/dist-packages/colcon_core/task/python/colcon_distutils_commands:/root/A2Pilot_ws/install/A2P_gui/lib/python3.10/site-packages:${PYTHONPATH} /usr/bin/python3 -W ignore:setup.py install is deprecated setup.py egg_info --egg-base ../../build/A2P_gui build --build-base /root/A2Pilot_ws/build/A2P_gui/build install --record /root/A2Pilot_ws/build/A2P_gui/install.log --single-version-externally-managed install_data
